<?xml version="1.0" encoding="UTF-8"?>
<!-- Generated by org.testng.reporters.JUnitXMLReporter -->
<testsuite ignored="0" hostname="USKOLIPPAL4" failures="0" tests="3" name="Open Cart Login Page Test_chrome" time="18.638" errors="0" timestamp="2025-08-23T21:46:23 IST">
  <testcase classname="com.qa.opencart.test.LoginPageTest" name="loginPageNavigationTest" time="0.347"/>
  <testcase classname="com.qa.opencart.test.LoginPageTest" name="forgotPwdLinkExistTest" time="0.006"/>
  <testcase classname="com.qa.opencart.test.LoginPageTest" name="appLoginTest" time="0.526"/>
</testsuite> <!-- Open Cart Login Page Test_chrome -->
